Release 11.4 - ngc2edif L.68 (nt)
Copyright (c) 1995-2009 Xilinx, Inc.  All rights reserved.
Reading design prsq.ngc ...
WARNING:NetListWriters:298 - No output is written to prsq.xncf, ignored.
Processing design ...
   Preping design's networks ...
   Preping design's macros ...
WARNING:NetListWriters:306 - Signal bus U1/Mcompar_h_sync_cmp_le0000_lut<5 : 0>
   on block prsq is not reconstructed, because there are some missing bus
   signals.
  finished :Prep
Writing EDIF netlist file prsq.edif ...
ngc2edif: Total memory usage is 36356 kilobytes

Release 11.4 - ngc2edif L.68 (nt)
Copyright (c) 1995-2009 Xilinx, Inc.  All rights reserved.
Reading design prsq.ngc ...
WARNING:NetListWriters:298 - No output is written to prsq.xncf, ignored.
Processing design ...
   Preping design's networks ...
   Preping design's macros ...
WARNING:NetListWriters:306 - Signal bus U1/Mcompar_h_sync_cmp_le0000_lut<5 : 0>
   on block prsq is not reconstructed, because there are some missing bus
   signals.
  finished :Prep
Writing EDIF netlist file prsq.edif ...
ngc2edif: Total memory usage is 36356 kilobytes

